<?xml version="1.0" encoding="UTF-8"?>
<!-- Generated by org.testng.reporters.JUnitReportReporter -->
<testsuite hostname="DESKTOP-BTGAU9A" failures="0" tests="3" name="test.PutpatchdeleteExamples" time="5.532" errors="0" timestamp="2022-08-11T14:57:41 EDT" skipped="0">
  <testcase classname="test.PutpatchdeleteExamples" name="testPut" time="0.946"/>
  <system-out/>
  <testcase classname="test.PutpatchdeleteExamples" name="testPatch" time="1.276"/>
  <system-out/>
  <testcase classname="test.PutpatchdeleteExamples" name="testDelete" time="3.310"/>
  <system-out/>
</testsuite> <!-- test.PutpatchdeleteExamples -->
