<?xml version="1.0" encoding="UTF-8"?>
<!-- Generated by org.testng.reporters.JUnitReportReporter -->
<testsuite hostname="DESKTOP-BTGAU9A" failures="0" tests="2" name="test.TestExamples" time="4.862" errors="0" timestamp="2022-08-09T17:48:19 EDT" skipped="0">
  <testcase classname="test.TestExamples" name="test_1" time="2.893"/>
  <system-out/>
  <testcase classname="test.TestExamples" name="test_2" time="1.969"/>
  <system-out/>
</testsuite> <!-- test.TestExamples -->
